e:\project\cocoscreator\fivechess\game_server\proj.win32\game_server\release\vc141.pdb
e:\project\cocoscreator\fivechess\game_server\proj.win32\game_server\release\table_service.obj
e:\project\cocoscreator\fivechess\game_server\proj.win32\game_server\release\main.obj
e:\project\cocoscreator\fivechess\game_server\proj.win32\game_server\release\session.obj
e:\project\cocoscreator\fivechess\game_server\proj.win32\game_server\release\server_socket_win.obj
e:\project\cocoscreator\fivechess\game_server\proj.win32\game_server\release\gateway.obj
e:\project\cocoscreator\fivechess\game_server\proj.win32\game_server\release\json_extends.obj
e:\project\cocoscreator\fivechess\game_server\proj.win32\game_server\release\json.obj
e:\project\cocoscreator\fivechess\game_server\proj.win32\game_server\release\http_parser.obj
e:\project\cocoscreator\fivechess\game_server\proj.win32\game_server\release\sha1.obj
e:\project\cocoscreator\fivechess\game_server\proj.win32\game_server\release\base64_encoder.obj
e:\project\cocoscreator\fivechess\game_server\proj.win32\release\game_server.ipdb
e:\project\cocoscreator\fivechess\game_server\proj.win32\release\game_server.iobj
e:\project\cocoscreator\fivechess\game_server\proj.win32\release\game_server.exe
e:\project\cocoscreator\fivechess\game_server\proj.win32\release\game_server.pdb
e:\project\cocoscreator\fivechess\game_server\proj.win32\game_server\release\game_server.tlog\cl.command.1.tlog
e:\project\cocoscreator\fivechess\game_server\proj.win32\game_server\release\game_server.tlog\cl.read.1.tlog
e:\project\cocoscreator\fivechess\game_server\proj.win32\game_server\release\game_server.tlog\cl.write.1.tlog
e:\project\cocoscreator\fivechess\game_server\proj.win32\game_server\release\game_server.tlog\game_server.write.1u.tlog
e:\project\cocoscreator\fivechess\game_server\proj.win32\game_server\release\game_server.tlog\link.command.1.tlog
e:\project\cocoscreator\fivechess\game_server\proj.win32\game_server\release\game_server.tlog\link.read.1.tlog
e:\project\cocoscreator\fivechess\game_server\proj.win32\game_server\release\game_server.tlog\link.write.1.tlog
